\BOOKMARK [0][-]{chapter.1}{1 Introduction}{}% 1
\BOOKMARK [1][-]{section.1.1}{1.1 Need for dynamic relaxation methods}{chapter.1}% 2
\BOOKMARK [1][-]{section.1.2}{1.2 Thesis objective}{chapter.1}% 3
\BOOKMARK [0][-]{chapter.2}{2 Theoretical background}{}% 4
\BOOKMARK [1][-]{section.2.1}{2.1 Fluid-Structure Interaction}{chapter.2}% 5
\BOOKMARK [2][-]{subsection.2.1.1}{2.1.1 Numerical simulation strategies of FSI problems}{section.2.1}% 6
\BOOKMARK [2][-]{subsection.2.1.2}{2.1.2 Classification based on meshing strategies}{section.2.1}% 7
\BOOKMARK [1][-]{section.2.2}{2.2 Governing equations of fluid flow and structural deformations}{chapter.2}% 8
\BOOKMARK [2][-]{subsection.2.2.1}{2.2.1 Coupling of fluid and structural solvers}{section.2.2}% 9
\BOOKMARK [1][-]{section.2.3}{2.3 Flow separation and vortex shedding}{chapter.2}% 10
\BOOKMARK [1][-]{section.2.4}{2.4 Vortex Induced Vibrations}{chapter.2}% 11
\BOOKMARK [2][-]{subsection.2.4.1}{2.4.1 Calculation of parameters influencing the vortex induced vibrations}{section.2.4}% 12
\BOOKMARK [1][-]{section.2.5}{2.5 Artificial Neural Network}{chapter.2}% 13
\BOOKMARK [2][-]{subsection.2.5.1}{2.5.1 Learning of an Artificial Neural Network}{section.2.5}% 14
\BOOKMARK [2][-]{subsection.2.5.2}{2.5.2 Factors influencing the learning of a network}{section.2.5}% 15
\BOOKMARK [0][-]{chapter.3}{3 Implementation of the task}{}% 16
\BOOKMARK [1][-]{section.3.1}{3.1 Numerical treatment of the governing equations}{chapter.3}% 17
\BOOKMARK [2][-]{subsection.3.1.1}{3.1.1 Coordinate transform}{section.3.1}% 18
\BOOKMARK [1][-]{section.3.2}{3.2 Finite Volume method to solve the Navier Stokes equation}{chapter.3}% 19
\BOOKMARK [2][-]{subsection.3.2.1}{3.2.1 Formulation of Arbitrary Lagrangian-Eulerian equation}{section.3.2}% 20
\BOOKMARK [1][-]{section.3.3}{3.3 Discretization schemes for the terms in Navier Stokes equation}{chapter.3}% 21
\BOOKMARK [2][-]{subsection.3.3.1}{3.3.1 Discretization of convective fluxes}{section.3.3}% 22
\BOOKMARK [2][-]{subsection.3.3.2}{3.3.2 Discretization of diffusive fluxes and source term}{section.3.3}% 23
\BOOKMARK [2][-]{subsection.3.3.3}{3.3.3 Time discretization scheme}{section.3.3}% 24
\BOOKMARK [2][-]{subsection.3.3.4}{3.3.4 Discretization of Space Conservation Law}{section.3.3}% 25
\BOOKMARK [2][-]{subsection.3.3.5}{3.3.5 Mass conservation \(Pressure-Velocity coupling\)}{section.3.3}% 26
\BOOKMARK [1][-]{section.3.4}{3.4 Discretization of the structural governing equation}{chapter.3}% 27
\BOOKMARK [0][-]{chapter.4}{4 Results and Discussion}{}% 28
\BOOKMARK [1][-]{section.4.1}{4.1 Computational Grid}{chapter.4}% 29
\BOOKMARK [1][-]{section.4.2}{4.2 Results of flow analysis}{chapter.4}% 30
\BOOKMARK [1][-]{section.4.3}{4.3 FSI simulation results}{chapter.4}% 31
\BOOKMARK [2][-]{subsection.4.3.1}{4.3.1 Determining a suitable constant value of URF}{section.4.3}% 32
\BOOKMARK [2][-]{subsection.4.3.2}{4.3.2 Results for case 1: M=1 and Sg=1}{section.4.3}% 33
\BOOKMARK [0][-]{chapter.5}{5 Conclusion and Future Work}{}% 34
\BOOKMARK [0][-]{chapter*.48}{Bibliography}{}% 35
